[2026-05-20 19:09:41,941] multiqc                                            [DEBUG  ]  This is MultiQC v1.18
[2026-05-20 19:09:41,941] multiqc                                            [DEBUG  ]  Command used: /usr/bin/multiqc .
[2026-05-20 19:09:42,203] multiqc                                            [WARNING]  MultiQC Version v1.35 now available!
[2026-05-20 19:09:42,203] multiqc                                            [DEBUG  ]  Working dir : /home/faepimnipa/750/results/raw_qc_results
[2026-05-20 19:09:42,203] multiqc                                            [DEBUG  ]  Template    : default
[2026-05-20 19:09:42,203] multiqc                                            [DEBUG  ]  Running Python 3.12.3 (main, Mar 23 2026, 19:04:32) [GCC 13.3.0]
[2026-05-20 19:09:42,204] multiqc                                            [DEBUG  ]  Analysing modules: custom_content, ccs, ngsderive, purple, conpair, lima, peddy, somalier, methylQA, mosdepth, phantompeakqualtools, qualimap, preseq, hifiasm, quast, qorts, rna_seqc, rockhopper, rsem, rseqc, busco, bustools, goleft_indexcov, gffcompare, disambiguate, supernova, deeptools, sargasso, verifybamid, mirtrace, happy, mirtop, sambamba, gopeaks, homer, hops, macs2, theta2, snpeff, gatk, htseq, bcftools, featureCounts, fgbio, dragen, dragen_fastqc, dedup, pbmarkdup, damageprofiler, mapdamage, biobambam2, jcvi, mtnucratio, picard, vep, bakta, prokka, qc3C, nanostat, samblaster, samtools, sexdeterrmine, seqera_cli, eigenstratdatabasetools, bamtools, jellyfish, vcftools, longranger, stacks, varscan2, snippy, umitools, truvari, bbmap, bismark, biscuit, diamond, hicexplorer, hicup, hicpro, salmon, kallisto, slamdunk, star, hisat2, tophat, bowtie2, bowtie1, cellranger, snpsplit, odgi, pangolin, nextclade, freyja, humid, kat, leehom, librarian, adapterRemoval, bbduk, clipandmerge, cutadapt, flexbar, sourmash, kaiju, bracken, kraken, malt, motus, trimmomatic, sickle, skewer, sortmerna, biobloomtools, fastq_screen, afterqc, fastp, fastqc, filtlong, prinseqplusplus, pychopper, porechop, pycoqc, minionqc, anglerfish, multivcfanalyzer, clusterflow, checkqc, bcl2fastq, bclconvert, interop, ivar, flash, seqyclean, optitype, whatshap, xenome, xengsort
[2026-05-20 19:09:42,204] multiqc                                            [DEBUG  ]  Using temporary directory for creating report: /tmp/tmpyqr_2ra8
[2026-05-20 19:09:42,208] multiqc                                            [INFO   ]  Search path : /home/faepimnipa/750/results/raw_qc_results
[2026-05-20 19:09:42,265] multiqc                                            [DEBUG  ]  Summary of files that were skipped by the search: [skipped_module_specific_max_filesize: 48] // [skipped_no_match: 4]
[2026-05-20 19:09:42,597] multiqc.plots.bargraph                             [DEBUG  ]  Using matplotlib version 3.6.3
[2026-05-20 19:09:42,598] multiqc.plots.linegraph                            [DEBUG  ]  Using matplotlib version 3.6.3
[2026-05-20 19:09:42,599] multiqc                                            [DEBUG  ]  No samples found: custom_content
[2026-05-20 19:09:42,912] multiqc.modules.fastqc.fastqc                      [INFO   ]  Found 4 reports
[2026-05-20 19:09:42,934] multiqc.utils.software_versions                    [DEBUG  ]  Reading software versions from config.software_versions
[2026-05-20 19:09:42,939] multiqc                                            [DEBUG  ]  Compressing plot data
[2026-05-20 19:09:42,953] multiqc                                            [INFO   ]  Report      : multiqc_report.html
[2026-05-20 19:09:42,953] multiqc                                            [INFO   ]  Data        : multiqc_data
[2026-05-20 19:09:42,953] multiqc                                            [DEBUG  ]  Moving data file from '/tmp/tmpyqr_2ra8/multiqc_data' to '/home/faepimnipa/750/results/raw_qc_results/multiqc_data'
[2026-05-20 19:09:42,954] multiqc                                            [DEBUG  ]  Full report path: /home/faepimnipa/750/results/raw_qc_results/multiqc_report.html
[2026-05-20 19:09:42,990] multiqc                                            [ERROR  ]  Could not include file 'assets/js/packages/jszip.min.js': [Errno 2] No such file or directory: '/tmp/tmpyqr_2ra8/assets/js/packages/jszip.min.js'
[2026-05-20 19:09:43,023] multiqc                                            [INFO   ]  MultiQC complete
